<?xml version="1.0" encoding="UTF-8"?>
<testsuite name="com.udacity.gradle.test.EchoTest" tests="1" skipped="0" failures="0" errors="0" timestamp="2015-07-15T03:58:12" hostname="zz-pc" time="0.005">
  <properties/>
  <testcase name="test" classname="com.udacity.gradle.test.EchoTest" time="0.005"/>
  <system-out><![CDATA[]]></system-out>
  <system-err><![CDATA[]]></system-err>
</testsuite>
